100  mkdir Assignment2
  101  ls
  102  cd Assignment2
  103  touch Assignment2/txt
  104  touch Assignment2.txt
  105  ls
  106  find /etc -type f > one.txt 2> two.txt
  107  ls
  108  nano Assignment2.txt
  109  cat one.txt
  110  cat two.txt
  111  nano Assignment2.txt
  112  ls
  113  cut -d',' -f20,21 'Global YouTube Statistics.csv' | sort -nr | head -3
  114  pwd
  115  touch Youtube Channel data.csv
  116  ls
  117  cat Channel
  118  cat data.csv
  119  rm -f Channel
  120  ;s
  121  ls
  122  rm -f Youtube
  123  nano data.csv
  124  cut -d',' -f20,21 'data.csv' | sort -nr | head -3
  125  nano Assignment2.txt
  126  ps -u yelinsp24
  127  nano Assignment2.txt
  128  vi file.txt
  129  nano Assignment2.txt
  130  pgrep systemd
  131  nano Assignment2.txt
  132  hisotry > cmds.log
  133  history > cmds.log

