    4  cs Assignment2
    5  cd Assignment2
    6  ls
    7  touch Assignment2.txt
    8  ls
    9  history > cmds.log
   10  ls
   11  nano cmds.log 
   12  nano Assignment2.txt 
   13  ls
   14  touch data.csv
   15  nano data.csv
   16  cut -d',' -f20,21 'data.csv' | sort -nr | head -3
   17  nano Assignment2.txt 
   18  ps -u yelinsp24
   19  nano Assignment2.txt 
   20  vi file.txt
   21  nano Assignment2.txt 
   22  pgrep systemd
   23  nano Assignment2.txt 
   24  ls
   25  nano cmds.log 
   26  ls
   27  cd ..
   28  ls
   29  git push
   30  git sttaus
   31  git status
   32  ls
   33  cd Assignment2
   34  ls
   35  cd ..
   36  git commit -a
   37  git push
   38  git commit --amend
   39  git push
   40  git pull
   41  git push
   42  ls
   43  cd Assignment
   44  cd Assignment2
   45  ls
   46  nano Assignment2.txt 
   47  git pull
   48  cd ..
   49  ls
   50  git log
   51  git reset --hard HEAD~1
   52  git log
   53  git reset --hard HEAD~1
   54  git log
   55  ls
   56  git init
   57  git add .
   58  git rm --cached Assignment2
   59  ls
   60  cd Assignment2
   61  ls
   62  cd ..
   63  ls
   64  git status
   65  git commit "Assignment2"
   66  git status
   67  git commit "Assignment2"
   68  git remote set-url origin https://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@github.com/laurindaaa/cs131
   69  git push
   70  git pull
   71  git push
   72  ls
   73  git history
   74  git log
   75  git reset --hard HEAD~1
   76  git log
   77  git reset --hard HEAD~1
   78  git add .
   79  ls
   80  git commit 'update'
   81  git remote set-url origin https://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@github.com/laurindaaa/cs131
   82  git push
   83  git log
   84  git fetch
   85  git push
   86  git pull --all
   87  git push
   88  git pull --all
   89  git push
   90  git log
   91  git reset --hard HEAD~1
   92  ls
   93  cd Assignment2
   94  ls
   95  git log
   96  git push
   97  git remote set-url origin https://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@github.com/laurindaaa/cs131
   98  cd ..
   99  ls
  100  git remote set-url origin https://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@github.com/laurindaaa/cs131
  101  git push
  102  git push -f origin master
  103  git pull origin main
  104  ls
  105  git push
  106  git commit -a
  107  git push
  108  git add .
  109  git commit -m "2"
  110  git commit -a
  111  git push
  112  ls
  113  cd
  114  ls
  115  mkdir workspace2
  116  cd workspace2
  117  git clone https://github.com/laurindaaa/cs131.git
  118  ls
  119  cd cs131/
  120  ls
  121  cd Assignment
  122  ls
  123  cd Assignment2
  124  ls
  125  touch Asssignment2
  126  nano Assignment2
  127  history > cmds.log
  128  ls
  129  nano cmds.log 
  130  touch data.csv
  131  nano data.csv
  132  cd ..
  133  ls
  134  git init
  135  git add .
  136  git status
  137  ls
  138  cd Assignment2
  139  ls
  140  touch Assignment.txt
  141  touch Assignment2.txt
  142  nano Assignment2.txt 
  143  ls
  144  rm -f Assignment.txt
  145  rm -f Assignment2
  146  rm -f Asssignment2
  147  ls
  148  cd ..
  149  ls
  150  git add .
  151  git status
  152  git commit -m "Assignment2"
  153  git log
  154  git status
  155  git commit --amend
  156  git status
  157  git remote set-url origin https://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@github.com/laurindaaa/cs131
  158  git push
  159  cd 
  160  ls
  161  cd workspace3
  162  mkdir workspace3
  163  ls
  164  cd workspace3
  165  ls
  166  git clone https://github.com/laurindaaa/cs131.git
  167  ls
  168  cd cs131/
  169  ls
  170  cd Assignment2
  171  touch Assignment2.txt
  172  cd ..
  173  ls
  174  git init
  175  git add .
  176  git commit -m "Assignment2"
  177  git status
  178  git branch -u origin/master
  179  git remote set-url origin https://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@github.com/laurindaaa/cs131
  180  git status
  181  git pull
  182  git status
  183  git add .
  184  git status
  185  git pull
  186  ls
  187  cd ..
  188  cd
  189  ls
  190  mkdir workspace4
  191  ls
  192  cd workspace4
  193  ls
  194  git clone https://github.com/laurindaaa/cs131.git
  195  ls
  196  cd cs131/
  197  ls
  198  cd Assignment2
  199  ls
  200  git init
  201  git remote set-url origin https://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@github.com/laurindaaa/cs131
  202  ls
  203  cd ..
  204  ls
  205  git init
  206  git remote set-url origin https://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@github.com/laurindaaa/cs131
  207  git pull origin
  208  ls
  209  cd Assignment2
  210  touch Assignment2.txt
  211  cd ..
  212  ls
  213  git add .
  214  git status
  215  git commit -m "Assignment2"
  216  git push
  217  git commit -a
  218  cd ..
  219  cd cs131/
  220  cd ..
  221  ls
  222  cd cs131/
  223  cd
  224  ls
  225  cd workspace4
  226  ls
  227  cd cs131/
  228  ls
  229  mkdir 123
  230  ls
  231  git add .
  232  ls
  233  git init
  234  git add .
  235  ls
  236  git commit '123'
  237  git status
  238  git add Assignment2
  239  git commit -m "Update Assignment2"
  240  git add .
  241  git commit -m "Update Assignment2"
  242  git add Assignment2
  243  git commit -m "Update Assignment2"
  244  git status
  245  git add Assignment2
  246  git commit -m "Update Assignment2"
  247  git add Assignment2
  248  git status
  249  pwd
  250  git resotre Assignment2
  251  ls
  252  git restore Assignment2
  253  ls
  254  git status
  255  git restore Assignment2
  256  ls
  257  git status
  258  cd
  259  ls
  260  cd workspace
  261  ls
  262  cd cs131/
  263  l
  264  ls
  265  cd Assignment2
  266  ls
  267  cd ..
  268  ls
  269  git init
  270  git status
  271  git add .
  272  git status
  273  git add Assignment2
  274  git status
  275  ls
  276  git pul
  277  git pull
  278  ls
  279  git status
  280  git add Assignment2
  281  git status
  282  git branch
  283  git pull
  284  git add .
  285  git status
  286  git add -A
  287  git add
  288  git add .
  289  ls
  290  mkdir Assignment20
  291  git add .
  292  git status
  293  git add Assignment2
  294  git commit -m "Modified content in Assignment2"
  295  cd ..
  296  ls
  297  cd cs131/
  298  cd ..
  299  cd
  300  cd cs131/
  301  cd ..
  302  ls
  303  cd ..
  304  ls
  305  git config --global user.name “laurindaaa"
  306  git config --global user.email "yelinwu123@gmail.com"
  307  git clone
  308  git clone https://github.com/laurindaaa/cs131.git
  309  cd ..
  310  cd ..
  311  git clone https://github.com/laurindaaa/cs131.git
  312  cd ~
  313  [yelinsp24@sjsu ~]$ cd ..
  314  [yelinsp24@sjsu FA23_CS131_Ashish]$ git clone https://github.com/laurindaaa/cs131.git
  315  fatal: could not create work tree dir 'cs131': Permission denied
  316  [yelinsp24@sjsu FA23_CS131_Ashish]$ 
  317  cd ~
  318  git clone https://github.com/laurindaaa/cs131.git
  319  ls
  320  wget www.github.com
  321  cd ~
  322  ls
  323  git
  324  git config --global user.email "yelinwu1232gmail.com"
  325  git config --global user.name "laurindaaa"
  326  ls
  327  git status
  328  git config --global user.email "yelinwu123@gmail.com"
  329  git config --global user.name "laurindaaa"
  330  ls
  331  git status
  332  git init
  333  ls
  334  cd ~/.ssh && ssh-keygen
  335  git config --global user.email "yelinwu123@gmail.com"
  336  git config --global user.name "laurindaaa"
  337  ls
  338  git clone https://github.com/laurindaaa/cs131.git
  339  cd cs131
  340  ls
  341  cd Assignment2
  342  ls
  343  cd ..
  344  cd Assignment2
  345  ls
  346  ls -a
  347  touch Assignment2.txt
  348  cd ..
  349  cat 1.txt
  350  find /etc -type f > one.txt 2> two.txt
  351  ls
  352  cat one.txt
  353  cat two.txt
  354  cd Assignment2
  355  wget https://raw.githubusercontent.com/khanchandaniashish/CS131/main/Global%20YouTube%20Statistics.csv
  356  ls
  357  vi 'Global YouTube Statistics.csv'
  358  cut -d',' -f20,21 'Global YouTube Statistics.csv'
  359  cut -d',' -f20,21 'Global YouTube Statistics.csv' | sort
  360  cut -d',' -f20,21 'Global YouTube Statistics.csv' | sort -nr
  361  cut -d',' -f20,21 'Global YouTube Statistics.csv' | sort -nr |head -3
  362  ps -u yelinsp24
  363  vi file.txt
  364  pgrep systemd
  365  vi Assignment2.txt
  366  history > cmds.log
  367  git add .
  368  cat cmds.log
  369  vi cmds.log
  370  git add Assignment2.txt
  371  git rm --cached Assignment2
  372  rm -rf .git/modules/Assignment2
  373  git add Assignment2.txt
  374  git submodule deinit -f -- Assignment2
  375  mkdir new_repo
  376  cd new_repo
  377  git init
  378  cp -r /path/to/Assignment2 new_repo/
  379  pwd
  380  cp -r Assignment2 /mnt/scratch/FA23_CS131_Ashish/yelinsp24/cs131/Assignment2/new_repo/
  381  ls /mnt/scratch/FA23_CS131_Ashish/yelinsp24/cs131/Assignment2
  382  cp -r /mnt/scratch/FA23_CS131_Ashish/yelinsp24/cs131/Assignment2/* .
  383  cp -r /mnt/scratch/FA23_CS131_Ashish/yelinsp24/cs131/Assignment2/!(new_repo) .
  384  mkdir new_repo
  385  mv Assignment2.txt 'Global YouTube Statistics.csv' new_repo/
  386  git add Assignment2.txt 'Global YouTube Statistics.csv'
  387  ls
  388  mv /mnt/scratch/FA23_CS131_Ashish/yelinsp24/cs131/Assignment2/Assignment2.txt /mnt/scratch/FA23_CS131_Ashish/yelinsp24/cs131/Assignment2/'Global YouTube Statistics.csv' new_repo/
  389  ls
  390  git add Assignment2.txt 'Global YouTube Statistics.csv'
  391  ls new_repo
  392  git add new_repo/Assignment2.txt new_repo/'Global YouTube Statistics.csv'
  393  git commit -m "Add Assignment2.txt and Global YouTube Statistics.csv"
  394  git add .
  395  rm -rf new_repo/.git
  396  git add .
  397  cd new_repo/
  398  git add .
  399  cd ..
  400  git add .
  401  cd Assignment2
  402  cd ..
  403  ls -l
  404  cd Assignment2
  405  git status
  406  git add ../one.txt ../two.txt
  407  git rm --cached Assignment2
  408  rm -rf .git
  409  git add ../one.txt ../two.txt
  410  rm -rf .git
  411  git add ../one.txt ../two.txt
  412  cd ..
  413  rm -rf Assignment2
  414  git clone https://github.com/laurindaaa/cs131.git Assignment2
  415  cd Assignment2
  416  git add ../one.txt ../two.txt
  417  cd ..
  418  git add one.txt two.txt
  419  git commit -m "Add one.txt and two.txt"
  420  cd Assignment2
  421  ls
  422  ls -a
  423  ls Assignment2.txt cmds.log
  424  find /mnt/scratch/FA23_CS131_Ashish/yelinsp24/cs131 -name "Assignment2.txt" -o -name "cmds.log"
  425  touch Assignment2.txt
  426  cd ..
  427  cat one.txt
  428  cat two.txt
  429  cd Assignment2
  430  wget https://raw.githubusercontent.com/khanchandaniashish/CS131/main/Global%20YouTube%20Statistics.csv
  431  ls
  432  vi 'Global YouTube Statistics.csv'
  433  cut -d',' -f20,21 'Global YouTube Statistics.csv'
  434  cut -d',' -f20,21 'Global YouTube Statistics.csv' | sort
  435  cut -d',' -f20,21 'Global YouTube Statistics.csv' | sort -nr
  436  cut -d',' -f20,21 'Global YouTube Statistics.csv' | sort -nr |head -3
  437  ps -u yelinsp24
  438  pgrep systemd
  439  vi Assignment2.txt
  440  history > cmds.log
  441  git add Assignment2.txt cmds.log
  442  rm -rf .git
  443  git add Assignment2.txt cmds.log
  444  ls -al Assignment2
  445  mkdir Assignment2
  446  git add Assignment2/Assignment2.txt Assignment2/cmds.log
  447  cd Assignment2
  448  touch Assignment2.txt cmds.log
  449  cd ..
  450  git add Assignment2/Assignment2.txt Assignment2/cmds.log
  451  mv * ..
  452  mkdir temp
  453  mv * temp/
  454  cd ..
  455  mkdir temp
  456  mv Assignment2/* temp/
  457  cd ..
  458  mkdir temp
  459  mv Assignment2/* temp/
  460  cd cs131
  461  git add temp/Assignment2.txt temp/cmds.log
  462  git commit -m "Add Assignment2.txt and cmds.log"
  463  git push origin main
  464  git remote set-url origin git@github.com:laurindaaa/cs131.git
  465  git push origin main
  466  ssh-add -l
  467  git remote set-url origin git@github.com:laurindaaa/cs131.git
  468  git push origin main
  469  git remote set-url origin git@github.com:laurindaaa/cs131.git
  470  git push origin main
  471  cat ~/.ssh/id_rsa.pub
  472  git remote -v
  473  git remote set-url origin git@github.com:laurindaaa/cs131.git
  474  eval "$(ssh-agent -s)"
  475  ssh-add ~/.ssh/id_rsa
  476  git push origin main
  477  cd cs131
  478  git add temp/Assignment2.txt temp/cmds.log
  479  git commit -m "Add Assignment2.txt and cmds.log"
  480  git add temp/Assignment2.txt temp/cmds.log
  481  git commit -m "Add Assignment2.txt and cmds.log"
  482  git add .
  483  git commit -m "Add Assignment2.txt and cmds.log"
  484  git push origin main
  485  ~/.ssh/id_rsa
  486  ls ~/.ssh/id_rsa
  487  cat ~/.ssh/id_rsa.pub
  488  find /etc -type f > one.txt 2> two.txt
  489  ls
  490  mkdir Assignment2
  491  cd Assigment2
  492  cd Assignment2
  493  touch Assignment2.txt
  494  cd ..
  495  cat one.txt
  496  cat two.txt
  497  cd Assignment2
  498  wget https://raw.githubusercontent.com/khanchandaniashish/CS131/main/Global%20YouTube%20Statistics.csv
  499  ls
  500  vi 'Global YouTube Statistics.csv'
  501  cut -d',' -f20,21 'Global YouTube Statistics.csv'
  502  cut -d',' -f20,21 'Global YouTube Statistics.csv' | sort
  503  cut -d',' -f20,21 'Global YouTube Statistics.csv' | sort -nr
  504  cut -d',' -f20,21 'Global YouTube Statistics.csv' | sort -nr |head -3
  505  ps -u yelinsp24
  506  pgrep systemd
  507  vi Assignment2.txt
  508  history > cmds.log
  509  git add Assignment2.txt cmds.log
  510  git commit -m "Add Assignment2.txt and cmds.log"
  511  git push origin master
  512  git remote -v
  513  git push origin
  514  git push --set-upstream origin master
  515  git remote add origin https://github.com/laurindaaa/cs131.git
  516  git push --set-upstream origin master
  517  git remote set-url origin https://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@github.com/laurindaaa/cs131
  518  git add .
  519  git commit -m "Assignment2"
  520  git remote set-url origin https://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@github.com/laurindaaa/cs131
  521  git push
  522  git push --set-upstream origin master
  523  vi cmds.log
  524  ls
  525  git add .
  526  git commit -m "Assignment2"
  527  git remote set-url origin https://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@github.com/laurindaaa/cs131
  528  git push
  529  git push --set-upstream origin master
  530  vi cmds.log
  531  git rm cmds.log
  532  git commit -m "Remove sensitive file cmds.log"
  533  nano .gitignore
  534  rm cmds.log
  535  touch cmds.log
  536  ls
  537  nano cmds.log
  538  vi cmds.log
  539  ls
  540  git add .
  541  git commit -m "Assignment2"
  542  git remote set-url origin https://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@github.com/laurindaaa/cs131
  543  git push
  544  git push --set-upstream origin master
  545  ls]
  546  cd ..
  547  cd Assignment2
  548  ls
  549  cat cmds.log
  550  sed -i '/sensitive information/d' cmds.log
  551  git add cmds.log
  552  git add -f cmds.log
  553  git commit -m "Remove sensitive information from cmds.log"
  554  git push
  555  git add .
  556  git commit -m "Assignment2“
  557  git remote set-url origin https://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@github.com/laurindaaa/cs131
  558  cd ..
  559  cd cs131
  560  cd ..
  561  cd cs131
  562  [yelinsp24@sjsu Assignment2]$ cd ..
  563  ls
  564  cd ..
  565  rm Assignment2/cmds.log
  566  cd cs131
  567  ls
  568  cd Assignment2
  569  ls
  570  tough 233.txt
  571  tough one.txt
  572  touch o.txt
  573  ls
  574  git add .
  575  git commit -m "Assignment2"
  576  git remote set-url origin https://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@github.com/laurindaaa/cs131
  577  git push
  578  git checkout HEAD~1 -- Assignment1/Assignment1.txt
  579  cd ..
  580  git checkout HEAD~1 -- Assignment1/Assignment1.txt
  581  git checkout HEAD~1 -- Assignment1/cmds.log
  582  git checkout HEAD~1 -- Assignment2
  583  git checkout HEAD~1 -- README.md
  584  git checkout HEAD~1 -- Worksheet1/cmds.log
  585  git checkout HEAD~1 -- Worksheet2/cmds.log
  586  git checkout HEAD~1 -- Worksheet2/counts.txt
  587  git checkout HEAD~1 -- Assignment1/myDir3/myFile.txt
  588  ls
  589  git add .
  590  git add Assignment1/Assignment1.txt
  591  git add Assignment1/cmds.log
  592  git add Assignment2
  593  git add README.md
  594  git add Worksheet1/cmds.log
  595  git add Worksheet2/cmds.log
  596  git add Worksheet2/counts.txt
  597  git add Assignment1/myDir3/myFile.txt
  598  git commit -m "Restore deleted files"
  599  git push origin main
  600  git commit -m "Assignment 1"
  601  git remote set-url origin https://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@github.com/laurindaaa/cs131
  602  git push
  603  git pull origin main
  604  git push origin main
  605  cd ..
  606  cd cs131
  607  find /etc -type f > one.txt 2> two.txt
  608  ls
  609  mkdir Assignment2
  610  git reflog
  611  git checkout e3d4e23 -- <file_path>
  612  git checkout e3d4e23 -- path/to/your/deleted/file.txt
  613  git status
  614  git checkout HEAD -- Assignment1/Assignment1.txt
  615  git checkout HEAD -- Assignment1/cmds.log
  616  git checkout HEAD -- README.md
  617  git checkout HEAD -- Worksheet1/cmds.log
  618  git checkout HEAD -- Worksheet2/cmds.log
  619  git checkout HEAD -- Worksheet2/counts.txt
  620  git status
  621  git commit -m "Restore deleted files"
  622  git add Assignment2
  623  git commit -m "Resolve conflicts in Assignment2"
  624  git push origin main
  625  git reset HEAD Assignment2
  626  git status
  627  git commit -m "Restore deleted files except Assignment2"
  628  git push origin main
  629  git checkout HEAD -- Worksheet1
  630  git add .
  631  git commit -m "Worksheet1"
  632  git add Worksheet1
  633  git commit -m "Restore Worksheet1"
  634  git restore Assignment2
  635  git add Worksheet1
  636  git commit -m "Restore Worksheet1"
  637  git add .
  638  git commit -m "Restore Worksheet1"
  639  cd cs131
  640  ls
  641  git status
  642  git add.
  643  git add .
  644  git commit -m "Worksheet1"
  645  git push
  646  cd ..
  647  cd cs131
  648  git rm -r Assignment2
  649  rm -rf Assignment2
  650  git add .
  651  git commit -m "Delete Assignment2 and other changes"
  652  ls
  653  rm -rf temp
  654  rm o.txt
  655  ls
  656  git add .
  657  git push
  658  ls
  659  rm one.txt two.txt
  660  ls
  661  git add .
  662  git commit -m "Assignment 1"
  663  git add temp/Assignment1/Assignment1.txt temp/Assignment1/cmds.log temp/Assignment1/myDir3/myFile.txt temp/README.md temp/Worksheet1/cmds.log temp/Worksheet2/cmds.log temp/Worksheet2/counts.txt
  664  ls
  665  git add Assignment1 README.md Worksheet1 Worksheet2
  666  git commit -m "Restore deleted files"
  667  git push origin main
  668  git add temp/cmds.log
  669  git status
  670  git branch
  671  git pull origin main
  672  git add .
  673  git commit -m "Assignment1"
  674  git status
  675  cd ..
  676  cd sampleproject
  677  ls
  678  mkdir cs131.
  679  cd cs131
  680  mkdir assignment2
  681  ls
  682  git add .
  683  git commit -m "assignment2"
  684  ls
  685  rm -f workspace2
  686  rm -r workspace2
  687  ls
  688  mkdir workspace_new
  689  cd workspace_new/
  690  ls
  691  git clone https://github.com/laurindaaa/CS-131.git
  692  ls
  693  cd CS-131/
  694  ls
  695  touch Assignment2.txt
  696  nano Assignment2.txt 
  697  history > cmds.log
  698  nano cmds.log 
  699  ls
  700  touch data.csv
  701  nano data.csv 
  702  ls
  703  cd ..
  704  ls
  705  git init
  706  git add .
  707  git status
  708  cd
  709  ls
  710  rm -f Assignment2/
  711  rm -r Assignment2/
  712  rm -r workspace_new/
  713  ls
  714  mkdir workspace_new
  715  ls
  716  cd workspace_new/
  717  ls
  718  mkdir Assignment2
  719  touch Assignment2.txt
  720  nano Assignment2
  721  ls
  722  rm -f Assignment2.txt 
  723  ls
  724  cd Assignment2/
  725  touch Assignment2.txt
  726  nano Assignment2.txt 
  727  touch data.csv
  728  nano data.csv 
  729  history > cmds.log
  730  nano cmds.log 
  731  ls
  732  cd ..
  733  ls
  734  cd ..
  735  ls
  736  cd workspace_new/
  737  ls
  738  git init
  739  git add .
  740  git status
  741  git commit -m "Assignment2"
  742  git branch -M main
  743  git remote add origin https://github.com/laurindaaa/CS-131.git
  744  git push -u origin main
  745  git remote set-url origin https://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@github.com/laurindaaa/CS-131
  746  git push -u origin main
  747  ls
  748  cd Assignment2/
  749  find /etc -type f > one.txt 2> two.txt
  750  ls
  751  git add .
  752  git status
  753  git commit -m "Added one.txt and two.txt"
  754  git push -u origin main
  755  ls
  756  cd workspace_new/
  757  ls
  758  mkdir Worksheet3
  759  cd Worksheet3/
  760  ls
  761  touch ws3.txt
  762  wget https://raw.githubusercontent.com/khanchandaniashish/CS131/main/Global%20YouTube%20Statistics.csv
  763  ls
  764  nano Global\ YouTube\ Statistics.csv 
  765  sort -t ',' -k 16 -n -r 'Global YouTube Statistics.csv' | grep -E 'United State' | head -n 1 > ws3.txt
  766  cat ws3.txt 
  767    242  sort -t ',' -k 16 -n -r 'Global YouTube Statistics.csv' | grep -E 'United Kingdom' | head -n 1 >> ws3.txt 
  768  sort -t ',' -k 16 -n -r 'Global YouTube Statistics.csv' | grep -E 'United Kingdom' | head -n 1 >> ws3.txt 
  769  sort -t ',' -k 16 -n -r 'Global YouTube Statistics.csv' | grep -E 'India' | head -n 1 >> ws3.txt
  770  nano ws3.txt 
  771  sort -t ',' -k 3 -n -r 'Global YouTube Statistics.csv' | grep -E 'Sports' | head -n 1
  772  sort -t ',' -k 3 -n -r 'Global YouTube Statistics.csv' | grep -E 'Sports' | head -n 1 >> ws3.txt 
  773  sort -t ',' -k 3 -n -r 'Global YouTube Statistics.csv' | grep -E 'Education' | head -n 1 >> ws3.txt 
  774  sort -t ',' -k 3 -n -r 'Global YouTube Statistics.csv' | grep -E 'Entertainment' | head -n 1 >> ws3.txt
  775  nano ws3.txt 
  776  cmds.log
  777  history > cmds.log
  778  nano cmds.log 
  779  ls
  780  cd ..
  781  ls
  782  cd ..
  783  ls
  784  cd workspace_new/
  785  git init
  786  git add .
  787  git status
  788  git commit -m 'worksheet3'
  789  git remote set-url origin https://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@github.com/laurindaaa/CS-131
  790  git push -u origin main
  791  pwd
  792  ls
  793  cd workspace_new/
  794  ls
  795  mkdir Worksheet4
  796  cd Worksheet4
  797  ls
  798  wget https://raw.githubusercontent.com/khanchandaniashish/CS131/main/Global%20YouTube%20Statistics.csv
  799  ls
  800  script ws4.txt
  801  nano ~/.bashrc
  802  source ~/.bashrc
  803  1
  804  w
  805  l
  806  wget https://raw.githubusercontent.com/khanchandaniashish/CS131/main/Global%20YouTube%20Statistics.csv -O ~/Worksheet4/Global_YouTube_Statistics.csv
  807  cd
  808  wget https://raw.githubusercontent.com/khanchandaniashish/CS131/main/Global%20YouTube%20Statistics.csv -O ~/Worksheet4/Global_YouTube_Statistics.csv
  809  nano ~/.bashrc
  810  source ~/.bashrc
  811  l
  812  w
  813  wget https://raw.githubusercontent.com/khanchandaniashish/CS131/main/Global%20YouTube%20Statistics.csv -O ~/Worksheet4/Global_YouTube_Statistics.csv
  814  mkdir -p ~/Worksheet4/Subscribers
  815  grep "United States" ~/Worksheet4/Global\ YouTube\ Statistics.csv | cut -d ',' -f 4 | cut -d ' ' -f 1 > ~/Worksheet4/Subscribers/United_States.txt
  816  grep "India" ~/Worksheet4/Global\ YouTube\ Statistics.csv | cut -d ',' -f 4 | cut -d ' ' -f 1 > ~/Worksheet4/Subscribers/India.txt
  817  nano ~/.bashrc
  818  source ~/.bashrc
  819  l
  820  w
  821  wget https://raw.githubusercontent.com/khanchandaniashish/CS131/main/Global%20YouTube%20Statistics.csv
  822  mkdir -p ~/Worksheet4/Subscribers
  823  grep "United States" ~/Worksheet4/Global\ YouTube\ Statistics.csv | cut -d ',' -f 4 | cut -d ' ' -f 1 > ~/Worksheet4/Subscribers/United_States.txt
  824  ls
  825  grep "United States" ~/Global\ YouTube\ Statistics.csv | cut -d ',' -f 4 | cut -d ' ' -f 1 > ~/Worksheet4/Subscribers/United_States.txt
  826  pwd
  827  cd ..
  828  grep "United States" ~/Worksheet4/Global\ YouTube\ Statistics.csv | cut -d ',' -f 4 | cut -d ' ' -f 1 > ~/Worksheet4/Subscribers/United_States.txt
  829  ls
  830  cd Worksheet4
  831  grep "United States" /Global\ YouTube\ Statistics.csv | cut -d ',' -f 4 | cut -d ' ' -f 1 > /Subscribers/United_States.txt
  832  grep "United States" Global\ YouTube\ Statistics.csv | cut -d ',' -f 4 | cut -d ' ' -f 1 > Subscribers/United_States.txt
  833  ls
  834  mkdir -p ~/Worksheet4/Subscribers
  835  ls
  836  mkdir Subscribers
  837  grep "United States" Global\ YouTube\ Statistics.csv | cut -d ',' -f 4 | cut -d ' ' -f 1 > Subscribers/United_States.txt
  838  ls
  839  cd Subscribers/
  840  ls
  841  nano United_States.txt 
  842  cd ..
  843  ls
  844  cut -d ',' -f 4 ~/Worksheet4/Global_YouTube_Statistics.csv | grep "India" | cut -d ' ' -f 1 > ~/Worksheet4/Subscribers/India.txt
  845  cut -d ',' -f 4 Global_YouTube_Statistics.csv | grep "India" | cut -d ' ' -f 1 > Subscribers/India.txt
  846  grep "India" Global\ YouTube\ Statistics.csv | cut -d ',' -f 4 | cut -d ' ' -f 1 > Subscribers/India.txt
  847  subscribers_us=$(paste -sd+ Subscribers/United_States.txt | bc)
  848  count_us=$(wc -l < Subscribers/United_States.txt)
  849  mean_us=$(echo "scale=2; $subscribers_us / $count_us" | bc)
  850  echo $mean_us > Subscribers/US_Mean.txt
  851  subscribers_india=$(paste -sd+ Subscribers/India.txt | bc)
  852  count_india=$(wc -l < Subscribers/India.txt)
  853  mean_india=$(echo "scale=2; $subscribers_india / $count_india" | bc)
  854  echo $mean_india > Subscribers/India_Mean.txt
  855  echo "Mean subscribers for United States: $mean_us" > ws4_means.txt
  856  echo "Mean subscribers for India: $mean_india" >> ws4_means.txt
  857        lsls
  858  ls
  859  cd workspace_new/
  860  ls
  861  cd Worksheet4
  862  script ws4.txt
  863  ls
  864  git init
  865  ls
  866  cd ..
  867  ls
  868  cd ..
  869  ls
  870  cd workspace_new/
  871  git init
  872  git add .
  873  git status
  874  ls
  875  git init
  876  git status
  877  git add .
  878  ls 
  879  cd Worksheet4
  880  rm -rf .git
  881  cd ..
  882  ls
  883  pwd
  884  git add .
  885  git status
  886  git commit -m "worksheet4"
  887  git remote set-url origin https://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@github.com/laurindaaa/cs131
  888  git remote set-url origin https://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@github.com/laurindaaa/CS-131
  889  git push
  890  ls
  891  cd workspace_new
  892  ls
  893  mkdir Assignment3
  894  cd Assignment3
  895  wget https://raw.githubusercontent.com/khanchandaniashish/CS131/main/awksp24/last.fake
  896  wget https://raw.githubusercontent.com/khanchandaniashish/CS131/main/awksp24/passwd.fake
  897  wget https://raw.githubusercontent.com/khanchandaniashish/CS131/main/awksp24/ps.fake
  898  wc -l last.fake
  899  grep 'sp24' last.fake > lastsp24.fake
  900  wc -l lastsp24.fake
  901  grep 'Sun' lastsp24.fake | awk '{print $1}' | sort | uniq
  902  grep 'Sun' lastsp24.fake | awk '{print $1}' | sort | uniq | awk 'BEGIN { printf "The list of people who worked on Sunday are:\n" } { printf "%s\n", $0 } END { printf "Kudos to these people for putting in the work\n" }'
  903  awk '$NF ~ /00:0[0-4]/ || $NF ~ /23:/ {print $1}' lastsp24.fake | sort | uniq
  904  awk '$6 ~ /11:|12:|01:|02:|03:|04:/ {print $1}' lastsp24.fake | sort | uniq | awk 'BEGIN { printf "Night Owls List:\n" } { printf "%s\n", $0 } END { printf "Night Owls are dope. Please ensure you get enough sleep though.\n" }'
  905  awk '$6 ~ /0[5-9]:/ {print $1}' lastsp24.fake | sort | uniq | awk 'BEGIN { printf "Early Birds List:\n" } { printf "%s\n", $0 } END { printf "Early Birds are dope. Please ensure you get enough sleep though.\n" }'
  906  awk '$1 ~ /^t/ {print $1}' lastsp24.fake
  907  awk -F: '$1 ~ /^a/ && $3 % 2 == 0 {print $1}' passwd.fake
  908  sed 's/[[:alpha:][:digit:] ]//g' passwd.fake | sort -u
  909  sed 's/[[:alpha:][:digit:] ]//g' passwd.fake | grep -v '^$' | sort -u
  910  touch cmds.log
  911  touch "Assignment3.txt"
  912  echo "Task 1:" >> cmds.log
  913  echo "1. Get the number of lines in last.fake:" >> cmds.log
  914  wc -l last.fake >> cmds.log
  915  echo "2. Filter lines containing 'sp24' and redirect to lastsp24.fake:" >> cmds.log
  916  grep 'sp24' last.fake > lastsp24.fake >> cmds.log
  917  echo "3. Get the number of lines in lastsp24.fake:" >> cmds.log
  918  wc -l lastsp24.fake >> cmds.log
  919  echo "Task 2:" >> cmds.log
  920  echo "Get distinct usernames logged in on Sunday:" >> cmds.log
  921  grep 'Sun' lastsp24.fake | awk '{print $1}' | sort | uniq >> cmds.log
  922  nano cmds.log
  923  vi cmds.log
  924  wc -l last.fake >> Assignment3.txt
  925  grep 'sp24' last.fake > lastsp24.fake
  926  wc -l lastsp24.fake >> Assignment3.txt
  927  grep 'Sun' lastsp24.fake | awk '{print $1}' | sort | uniq | awk 'BEGIN { printf "The list of people who worked on Sunday are:\n" } { printf "%s\n", $0 } END { printf "Kudos to these people for putting in the work\n" }'
  928  grep 'Sun' lastsp24.fake | awk '{print $1}' | sort | uniq | awk 'BEGIN { printf "The list of people who worked on Sunday are:\n" } { printf "%s\n", $0 } END { printf "Kudos to these people for putting in the work\n" }' >> Assignment3.txt
  929  vi Assignment3.txt
  930  awk '$6 ~ /11:|12:|01:|02:|03:|04:/ {print $1}' lastsp24.fake | sort | uniq | awk 'BEGIN { printf "Night Owls List:\n" } { printf "%s\n", $0 } END { printf "Night Owls are dope. Please ensure you get enough sleep though.\n" }' >> Assignment3.txt
  931  vi Assignment3.txt
  932  awk '$6 ~ /0[5-9]:/ {print $1}' lastsp24.fake | sort | uniq | awk 'BEGIN { printf "Early Birds List:\n" } { printf "%s\n", $0 } END { printf "Early Birds are dope. Please ensure you get enough sleep though.\n" }' >> Assignment3.txt
  933  vi Assignment3.txt
  934  awk '$1 ~ /^t/ {print $1}' lastsp24.fake >> Assignment3.txt
  935  vi Assignment3.txt
  936  awk -F: '$1 ~ /^a/ && $3 % 2 == 0 {print $1}' passwd.fake >> Assignment3.txt
  937  vi Assignment3.txt
  938  sed 's/[[:alpha:][:digit:] ]//g' passwd.fake | grep -v '^$' | sort -u >> Assignment3.txt
  939  vi Assignment3.txt
  940  vi cmds.log
  941  ls
  942  git add .
  943  git commit -m "Assignment3"
  944  git remote set-url origin https://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@github.com/laurindaaa/CS-131
  945  git push
  946  ls
  947  vi cmds.log
  948  git status
  949  git add .
  950  git status
  951  git commit -m 'update cmds.log'
  952  git push
  953  ls
  954  cd workspace_new
  955  l
  956  ls
  957  cd Assignment3
  958  ls
  959  vi Assignment3.txt
  960  vi cmds.log
  961  vi Assingment3.txt
  962  vi Assignment3.txt
  963  git add .
  964  git status
  965  git rm Assingment3.txt
  966  git status
  967  git push
  968  git add .
  969  git push
  970  ls
  971  git add .
  972  git commit -m "update"
  973  git push
  974  vi Assignment3.txt
  975  git add .
  976  git commit -m "update"
  977  git push
  978  git rm Assingment3.txt
  979  git commit -m "Remove wrong file"
  980  git push
  981  ls
  982  cd workspace_new
  983  ls
  984  mkdir Worksheet5
  985  cd Worksheet5
  986  wget https://raw.githubusercontent.com/khanchandaniashish/CS131/main/Global%20YouTube%20Statistics.csv
  987  ls
  988  touch ws5.txt
  989  ls
  990  mkdir -p 'United States'
  991  ls
  992  categories=("Music" "Entertainment" "Gaming" "Comedy")
  993  for category in "${categories[@]}"; do awk -F',' '$5 == "'"$category"'" && $8 == "United States" {print $0}' 'Global YouTube Statistics.csv' > "United States/$category.txt"; done
  994  cd 'United States'/
  995  ls
  996  cat Gaming.txt
  997  cat Comedy.txt
  998  cat Music.txt
  999  cat Entertainment.txt
 1000  cd ..
 1001  wc -l "United States/Music.txt" "United States/Entertainment.txt" "United States/Gaming.txt" "United States/Comedy.txt" >> ws5.txt
 1002  cat ws5.txt
 1003  history > cmds.log
